<?xml version="1.0" encoding="UTF-8"?>
<testsuite name="WordHuntWordsTests" tests="8" skipped="0" failures="0" errors="0" timestamp="2024-03-06T22:37:18" hostname="Jacobs-MacBook-Pro-2.local" time="0.099">
  <properties/>
  <testcase name="testGetFoundBonusWords" classname="WordHuntWordsTests" time="0.003"/>
  <testcase name="testFoundWordBonusFlag" classname="WordHuntWordsTests" time="0.003"/>
  <testcase name="testTearDown" classname="WordHuntWordsTests" time="0.078"/>
  <testcase name="testIsValidWord" classname="WordHuntWordsTests" time="0.002"/>
  <testcase name="testGetNumFoundWords" classname="WordHuntWordsTests" time="0.002"/>
  <testcase name="testGetFoundWords" classname="WordHuntWordsTests" time="0.002"/>
  <testcase name="testAddFoundWord" classname="WordHuntWordsTests" time="0.003"/>
  <testcase name="testGetPossibleWords" classname="WordHuntWordsTests" time="0.002"/>
  <system-out><![CDATA[[loud, leon, plus]
[loud, leon, plus]
]]></system-out>
  <system-err><![CDATA[]]></system-err>
</testsuite>
