<?xml version="1.0" encoding="UTF-8"?>
<testsuite name="WordHuntGameTests" tests="10" skipped="0" failures="0" errors="0" timestamp="2024-03-02T13:48:09" hostname="Jacobs-MacBook-Pro-2.local" time="0.348">
  <properties/>
  <testcase name="testGetFoundBonusWords" classname="WordHuntGameTests" time="0.012"/>
  <testcase name="testFoundWordBonusFlag" classname="WordHuntGameTests" time="0.003"/>
  <testcase name="testTearDown" classname="WordHuntGameTests" time="0.079"/>
  <testcase name="testIsValidMove" classname="WordHuntGameTests" time="0.003"/>
  <testcase name="testIsValidWord" classname="WordHuntGameTests" time="0.002"/>
  <testcase name="testGetFoundWords" classname="WordHuntGameTests" time="0.002"/>
  <testcase name="testGetBoardAfterGenerateRandomBoard" classname="WordHuntGameTests" time="0.094"/>
  <testcase name="testAddFoundWord" classname="WordHuntGameTests" time="0.001"/>
  <testcase name="testGetPossibleWords" classname="WordHuntGameTests" time="0.001"/>
  <testcase name="testGenerateRandomBoard" classname="WordHuntGameTests" time="0.146"/>
  <system-out><![CDATA[[cord, crap, rape, audi, farm, cape, card, cuba]
[labs, phys, baby, libs, lion, phil]
[punk, hung, folk, glow]
]]></system-out>
  <system-err><![CDATA[]]></system-err>
</testsuite>
