<?xml version="1.0" encoding="UTF-8"?>
<testsuite name="WordHuntGameAppTests" tests="2" skipped="0" failures="0" errors="0" timestamp="2024-02-06T14:56:26" hostname="Neils-MacBook-Pro.local" time="0.002">
  <properties/>
  <testcase name="testTest1" classname="WordHuntGameAppTests" time="0.001"/>
  <testcase name="testTest" classname="WordHuntGameAppTests" time="0.0"/>
  <system-out><![CDATA[]]></system-out>
  <system-err><![CDATA[]]></system-err>
</testsuite>
