<?xml version="1.0" encoding="UTF-8"?>
<testsuite name="WordHuntGameTests" tests="11" skipped="0" failures="0" errors="0" timestamp="2024-03-12T05:08:37" hostname="fusilli" time="0.165">
  <properties/>
  <testcase name="testGetFoundBonusWords" classname="WordHuntGameTests" time="0.004"/>
  <testcase name="testGetEmoji" classname="WordHuntGameTests" time="0.085"/>
  <testcase name="testFoundWordBonusFlag" classname="WordHuntGameTests" time="0.002"/>
  <testcase name="testTearDown" classname="WordHuntGameTests" time="0.031"/>
  <testcase name="testIsValidMove" classname="WordHuntGameTests" time="0.001"/>
  <testcase name="testIsValidWord" classname="WordHuntGameTests" time="0.001"/>
  <testcase name="testGetFoundWords" classname="WordHuntGameTests" time="0.002"/>
  <testcase name="testGetBoardAfterGenerateRandomBoard" classname="WordHuntGameTests" time="0.018"/>
  <testcase name="testAddFoundWord" classname="WordHuntGameTests" time="0.001"/>
  <testcase name="testGetPossibleWords" classname="WordHuntGameTests" time="0.001"/>
  <testcase name="testGenerateRandomBoard" classname="WordHuntGameTests" time="0.017"/>
  <system-out><![CDATA[String]]>&#x1f604;<![CDATA[
]]></system-out>
  <system-err><![CDATA[]]></system-err>
</testsuite>
