<?xml version="1.0" encoding="UTF-8"?>
<testsuite name="WordHuntGameTests" tests="10" skipped="0" failures="0" errors="0" timestamp="2024-03-06T22:37:18" hostname="Jacobs-MacBook-Pro-2.local" time="0.206">
  <properties/>
  <testcase name="testGetFoundBonusWords" classname="WordHuntGameTests" time="0.012"/>
  <testcase name="testFoundWordBonusFlag" classname="WordHuntGameTests" time="0.005"/>
  <testcase name="testTearDown" classname="WordHuntGameTests" time="0.104"/>
  <testcase name="testIsValidMove" classname="WordHuntGameTests" time="0.002"/>
  <testcase name="testIsValidWord" classname="WordHuntGameTests" time="0.002"/>
  <testcase name="testGetFoundWords" classname="WordHuntGameTests" time="0.003"/>
  <testcase name="testGetBoardAfterGenerateRandomBoard" classname="WordHuntGameTests" time="0.036"/>
  <testcase name="testAddFoundWord" classname="WordHuntGameTests" time="0.002"/>
  <testcase name="testGetPossibleWords" classname="WordHuntGameTests" time="0.002"/>
  <testcase name="testGenerateRandomBoard" classname="WordHuntGameTests" time="0.033"/>
  <system-out><![CDATA[[flee]
[fiji, mice]
[]
]]></system-out>
  <system-err><![CDATA[]]></system-err>
</testsuite>
