<?xml version="1.0" encoding="UTF-8"?>
<testsuite name="WordHuntGameTests" tests="10" skipped="0" failures="0" errors="0" timestamp="2024-02-26T20:19:31" hostname="Jacobs-MacBook-Pro-2.local" time="0.214">
  <properties/>
  <testcase name="testGetFoundBonusWords" classname="WordHuntGameTests" time="0.015"/>
  <testcase name="testFoundWordBonusFlag" classname="WordHuntGameTests" time="0.005"/>
  <testcase name="testTearDown" classname="WordHuntGameTests" time="0.085"/>
  <testcase name="testIsValidMove" classname="WordHuntGameTests" time="0.003"/>
  <testcase name="testIsValidWord" classname="WordHuntGameTests" time="0.003"/>
  <testcase name="testGetFoundWords" classname="WordHuntGameTests" time="0.003"/>
  <testcase name="testGetBoardAfterGenerateRandomBoard" classname="WordHuntGameTests" time="0.048"/>
  <testcase name="testAddFoundWord" classname="WordHuntGameTests" time="0.002"/>
  <testcase name="testGetPossibleWords" classname="WordHuntGameTests" time="0.001"/>
  <testcase name="testGenerateRandomBoard" classname="WordHuntGameTests" time="0.044"/>
  <system-out><![CDATA[[buck, bulk, luck, suck]
[work, pike, hire, erik]
[]
]]></system-out>
  <system-err><![CDATA[]]></system-err>
</testsuite>
