<?xml version="1.0" encoding="UTF-8"?>
<testsuite name="WordHuntScoreTests" tests="3" skipped="0" failures="0" errors="0" timestamp="2024-02-26T20:19:31" hostname="Jacobs-MacBook-Pro-2.local" time="0.01">
  <properties/>
  <testcase name="testTearDown" classname="WordHuntScoreTests" time="0.006"/>
  <testcase name="testGetNumFoundWords" classname="WordHuntScoreTests" time="0.002"/>
  <testcase name="testGetFoundWords" classname="WordHuntScoreTests" time="0.002"/>
  <system-out><![CDATA[]]></system-out>
  <system-err><![CDATA[]]></system-err>
</testsuite>
