<?xml version="1.0" encoding="UTF-8"?>
<testsuite name="WordHuntWordsTests" tests="8" skipped="0" failures="0" errors="0" timestamp="2024-03-12T05:08:38" hostname="fusilli" time="0.054">
  <properties/>
  <testcase name="testGetFoundBonusWords" classname="WordHuntWordsTests" time="0.002"/>
  <testcase name="testFoundWordBonusFlag" classname="WordHuntWordsTests" time="0.002"/>
  <testcase name="testTearDown" classname="WordHuntWordsTests" time="0.033"/>
  <testcase name="testIsValidWord" classname="WordHuntWordsTests" time="0.004"/>
  <testcase name="testGetNumFoundWords" classname="WordHuntWordsTests" time="0.002"/>
  <testcase name="testGetFoundWords" classname="WordHuntWordsTests" time="0.004"/>
  <testcase name="testAddFoundWord" classname="WordHuntWordsTests" time="0.003"/>
  <testcase name="testGetPossibleWords" classname="WordHuntWordsTests" time="0.002"/>
  <system-out><![CDATA[]]></system-out>
  <system-err><![CDATA[]]></system-err>
</testsuite>
